<?xml version="1.0" encoding="UTF-8"?>
<testsuite xmlns:xsi="http://www.w3.org/2001/XMLSchema-instance" xsi:noNamespaceSchemaLocation="https://maven.apache.org/surefire/maven-surefire-plugin/xsd/surefire-test-report.xsd" name="webadv.s99201105.p02.AppTest" time="0.078" tests="2" errors="0" skipped="0" failures="0">
  <properties>
[...]
</properties>
  <testcase name="testHex" classname="webadv.s99201105.p02.AppTest" time="0.02"/>
  <testcase name="testLength" classname="webadv.s99201105.p02.AppTest" time="0"/>
</testsuite>